<?xml version="1.0" encoding="UTF-8"?>
<!-- Generated by org.testng.reporters.JUnitReportReporter -->
<testsuite hostname="SSHQNL-NB974" failures="0" tests="2" name="Mobtestget.Search" time="8.715" errors="0" timestamp="2022-06-24T11:42:45 CEST" skipped="0">
  <testcase classname="Mobtestget.Search" name="getRequestforPosts" time="4.906"/>
  <system-out/>
  <testcase classname="Mobtestget.Search" name="getRequestforDelphine" time="3.809"/>
  <system-out/>
</testsuite> <!-- Mobtestget.Search -->
