<?xml version="1.0" encoding="UTF-8"?>
<!-- Generated by org.testng.reporters.JUnitReportReporter -->
<testsuite hostname="SSHQNL-NB974" failures="0" tests="2" name="Mobtestget.Search" time="6.815" errors="0" timestamp="2022-06-24T00:06:18 CEST" skipped="0">
  <testcase classname="Mobtestget.Search" name="getRequestforPosts" time="2.633"/>
  <system-out/>
  <testcase classname="Mobtestget.Search" name="getRequestforDelphine" time="4.182"/>
  <system-out/>
</testsuite> <!-- Mobtestget.Search -->
