<?xml version="1.0" encoding="UTF-8"?>
<!-- Generated by org.testng.reporters.JUnitReportReporter -->
<testsuite hostname="SSHQNL-NB974" failures="0" tests="2" name="Mobtestget.Search" time="9.396" errors="0" timestamp="2022-06-23T23:04:58 CEST" skipped="0">
  <testcase classname="Mobtestget.Search" name="getRequestforDelphine" time="3.404"/>
  <system-out/>
  <testcase classname="Mobtestget.Search" name="getRequestforPosts" time="5.992"/>
  <system-out/>
</testsuite> <!-- Mobtestget.Search -->
